2022-10-11 18:17:48.759  INFO 3104 --- [restartedMain] com.wch.euexam.EuExamApplication         : Starting EuExamApplication on WCH with PID 3104 (E:\JavaProject\eu-exam\target\classes started by WCH in E:\JavaProject\eu-exam)
2022-10-11 18:17:48.761  INFO 3104 --- [restartedMain] com.wch.euexam.EuExamApplication         : The following profiles are active: dev
2022-10-11 18:17:48.809  INFO 3104 --- [restartedMain] .e.DevToolsPropertyDefaultsPostProcessor : Devtools property defaults active! Set 'spring.devtools.add-properties' to 'false' to disable
2022-10-11 18:17:48.810  INFO 3104 --- [restartedMain] .e.DevToolsPropertyDefaultsPostProcessor : For additional web related logging consider setting the 'logging.level.web' property to 'DEBUG'
2022-10-11 18:17:49.277  WARN 3104 --- [restartedMain] o.m.s.mapper.ClassPathMapperScanner      : No MyBatis mapper was found in '[com.wch.euexam]' package. Please check your configuration.
2022-10-11 18:17:49.579  WARN 3104 --- [restartedMain] io.undertow.websockets.jsr               : UT026010: Buffer pool was not set on WebSocketDeploymentInfo, the default pool will be used
2022-10-11 18:17:49.594  INFO 3104 --- [restartedMain] io.undertow.servlet                      : Initializing Spring embedded WebApplicationContext
2022-10-11 18:17:49.594  INFO 3104 --- [restartedMain] o.s.web.context.ContextLoader            : Root WebApplicationContext: initialization completed in 784 ms
2022-10-11 18:17:49.737  INFO 3104 --- [restartedMain] o.s.s.concurrent.ThreadPoolTaskExecutor  : Initializing ExecutorService 'applicationTaskExecutor'
2022-10-11 18:17:50.034  INFO 3104 --- [restartedMain] .s.s.UserDetailsServiceAutoConfiguration : 

Using generated security password: 0fd3a79f-cea8-463b-ae18-d855b96fd82d

2022-10-11 18:17:50.082  INFO 3104 --- [restartedMain] o.s.s.web.DefaultSecurityFilterChain     : Creating filter chain: any request, [org.springframework.security.web.context.request.async.WebAsyncManagerIntegrationFilter@7d2a712d, org.springframework.security.web.context.SecurityContextPersistenceFilter@253ecd16, org.springframework.security.web.header.HeaderWriterFilter@542adc74, org.springframework.security.web.csrf.CsrfFilter@297ebac, org.springframework.security.web.authentication.logout.LogoutFilter@53ca31c4, org.springframework.security.web.authentication.UsernamePasswordAuthenticationFilter@127e08d9, org.springframework.security.web.authentication.ui.DefaultLoginPageGeneratingFilter@25e01fc9, org.springframework.security.web.authentication.ui.DefaultLogoutPageGeneratingFilter@533e68ba, org.springframework.security.web.authentication.www.BasicAuthenticationFilter@5f3ba9b5, org.springframework.security.web.savedrequest.RequestCacheAwareFilter@6c874620, org.springframework.security.web.servletapi.SecurityContextHolderAwareRequestFilter@6c081cc7, org.springframework.security.web.authentication.AnonymousAuthenticationFilter@5cbed140, org.springframework.security.web.session.SessionManagementFilter@39574442, org.springframework.security.web.access.ExceptionTranslationFilter@7ca6397a, org.springframework.security.web.access.intercept.FilterSecurityInterceptor@7c63fa04]
2022-10-11 18:17:50.113  INFO 3104 --- [restartedMain] o.s.b.d.a.OptionalLiveReloadServer       : LiveReload server is running on port 35729
2022-10-11 18:17:50.141  INFO 3104 --- [restartedMain] org.xnio                                 : XNIO version 3.3.8.Final
2022-10-11 18:17:50.147  INFO 3104 --- [restartedMain] org.xnio.nio                             : XNIO NIO Implementation Version 3.3.8.Final
2022-10-11 18:17:50.183  INFO 3104 --- [restartedMain] o.s.b.w.e.u.UndertowServletWebServer     : Undertow started on port(s) 8000 (http) with context path ''
2022-10-11 18:17:50.184  INFO 3104 --- [restartedMain] com.wch.euexam.EuExamApplication         : Started EuExamApplication in 1.82 seconds (JVM running for 2.737)
2022-10-11 18:17:59.023  INFO 3104 --- [XNIO-1 task-1] io.undertow.servlet                      : Initializing Spring DispatcherServlet 'dispatcherServlet'
2022-10-11 18:17:59.023  INFO 3104 --- [XNIO-1 task-1] o.s.web.servlet.DispatcherServlet        : Initializing Servlet 'dispatcherServlet'
2022-10-11 18:17:59.029  INFO 3104 --- [XNIO-1 task-1] o.s.web.servlet.DispatcherServlet        : Completed initialization in 5 ms
2022-10-11 18:19:36.804  INFO 3104 --- [Thread-11] o.s.s.concurrent.ThreadPoolTaskExecutor  : Shutting down ExecutorService 'applicationTaskExecutor'
2022-10-11 18:19:36.806  INFO 3104 --- [Thread-11] io.undertow.servlet                      : Destroying Spring FrameworkServlet 'dispatcherServlet'
2022-10-11 19:04:44.543  INFO 11312 --- [restartedMain] com.wch.euexam.EuExamApplication         : Starting EuExamApplication on WCH with PID 11312 (E:\JavaProject\eu-exam\target\classes started by WCH in E:\JavaProject\eu-exam)
2022-10-11 19:04:44.550  INFO 11312 --- [restartedMain] com.wch.euexam.EuExamApplication         : The following profiles are active: dev
2022-10-11 19:04:44.606  INFO 11312 --- [restartedMain] .e.DevToolsPropertyDefaultsPostProcessor : Devtools property defaults active! Set 'spring.devtools.add-properties' to 'false' to disable
2022-10-11 19:04:44.606  INFO 11312 --- [restartedMain] .e.DevToolsPropertyDefaultsPostProcessor : For additional web related logging consider setting the 'logging.level.web' property to 'DEBUG'
2022-10-11 19:04:45.471  WARN 11312 --- [restartedMain] io.undertow.websockets.jsr               : UT026010: Buffer pool was not set on WebSocketDeploymentInfo, the default pool will be used
2022-10-11 19:04:45.485  INFO 11312 --- [restartedMain] io.undertow.servlet                      : Initializing Spring embedded WebApplicationContext
2022-10-11 19:04:45.485  INFO 11312 --- [restartedMain] o.s.web.context.ContextLoader            : Root WebApplicationContext: initialization completed in 879 ms
2022-10-11 19:04:46.017  INFO 11312 --- [restartedMain] o.s.s.web.DefaultSecurityFilterChain     : Creating filter chain: any request, [org.springframework.security.web.context.request.async.WebAsyncManagerIntegrationFilter@32bdde9e, org.springframework.security.web.context.SecurityContextPersistenceFilter@d4959b4, org.springframework.security.web.header.HeaderWriterFilter@22379061, org.springframework.web.filter.CorsFilter@22d23169, org.springframework.security.web.authentication.logout.LogoutFilter@19dfc187, com.wch.euexam.configuration.spring.security.RestLoginAuthenticationFilter@26ee74f, org.springframework.security.web.authentication.UsernamePasswordAuthenticationFilter@2b34edbb, org.springframework.security.web.savedrequest.RequestCacheAwareFilter@dc6a7ab, org.springframework.security.web.servletapi.SecurityContextHolderAwareRequestFilter@214ecccd, org.springframework.security.web.authentication.rememberme.RememberMeAuthenticationFilter@73607df4, org.springframework.security.web.authentication.AnonymousAuthenticationFilter@383c09dd, org.springframework.security.web.session.SessionManagementFilter@6c7b8bf6, org.springframework.security.web.access.ExceptionTranslationFilter@45ac1fbd, org.springframework.security.web.access.intercept.FilterSecurityInterceptor@308cddbd]
2022-10-11 19:04:46.212  INFO 11312 --- [restartedMain] o.s.b.d.a.OptionalLiveReloadServer       : LiveReload server is running on port 35729
2022-10-11 19:04:46.254  INFO 11312 --- [restartedMain] org.xnio                                 : XNIO version 3.3.8.Final
2022-10-11 19:04:46.260  INFO 11312 --- [restartedMain] org.xnio.nio                             : XNIO NIO Implementation Version 3.3.8.Final
2022-10-11 19:04:46.303  INFO 11312 --- [restartedMain] o.s.b.w.e.u.UndertowServletWebServer     : Undertow started on port(s) 8000 (http) with context path ''
2022-10-11 19:04:46.305  INFO 11312 --- [restartedMain] com.wch.euexam.EuExamApplication         : Started EuExamApplication in 2.09 seconds (JVM running for 2.961)
2022-10-11 19:05:02.646  INFO 11312 --- [XNIO-1 task-1] io.undertow.servlet                      : Initializing Spring DispatcherServlet 'dispatcherServlet'
2022-10-11 19:05:02.646  INFO 11312 --- [XNIO-1 task-1] o.s.web.servlet.DispatcherServlet        : Initializing Servlet 'dispatcherServlet'
2022-10-11 19:05:02.652  INFO 11312 --- [XNIO-1 task-1] o.s.web.servlet.DispatcherServlet        : Completed initialization in 6 ms
2022-10-11 19:05:12.246  INFO 11312 --- [Thread-11] io.undertow.servlet                      : Destroying Spring FrameworkServlet 'dispatcherServlet'
2022-10-11 19:49:00.548  INFO 6640 --- [restartedMain] com.wch.euexam.EuExamApplication         : Starting EuExamApplication on WCH with PID 6640 (E:\JavaProject\eu-exam\target\classes started by WCH in E:\JavaProject\eu-exam)
2022-10-11 19:49:00.550  INFO 6640 --- [restartedMain] com.wch.euexam.EuExamApplication         : The following profiles are active: dev
2022-10-11 19:49:00.581  INFO 6640 --- [restartedMain] .e.DevToolsPropertyDefaultsPostProcessor : Devtools property defaults active! Set 'spring.devtools.add-properties' to 'false' to disable
2022-10-11 19:49:00.581  INFO 6640 --- [restartedMain] .e.DevToolsPropertyDefaultsPostProcessor : For additional web related logging consider setting the 'logging.level.web' property to 'DEBUG'
2022-10-11 19:49:01.449  WARN 6640 --- [restartedMain] io.undertow.websockets.jsr               : UT026010: Buffer pool was not set on WebSocketDeploymentInfo, the default pool will be used
2022-10-11 19:49:01.461  INFO 6640 --- [restartedMain] io.undertow.servlet                      : Initializing Spring embedded WebApplicationContext
2022-10-11 19:49:01.461  INFO 6640 --- [restartedMain] o.s.web.context.ContextLoader            : Root WebApplicationContext: initialization completed in 880 ms
2022-10-11 19:49:01.880  INFO 6640 --- [restartedMain] o.s.s.web.DefaultSecurityFilterChain     : Creating filter chain: any request, [org.springframework.security.web.context.request.async.WebAsyncManagerIntegrationFilter@2b7bb0ad, org.springframework.security.web.context.SecurityContextPersistenceFilter@70a5a5b4, org.springframework.security.web.header.HeaderWriterFilter@68638581, org.springframework.web.filter.CorsFilter@4749b507, org.springframework.security.web.authentication.logout.LogoutFilter@45638c5c, com.wch.euexam.configuration.spring.security.RestLoginAuthenticationFilter@6f685b0c, org.springframework.security.web.authentication.UsernamePasswordAuthenticationFilter@6a7b6a4a, org.springframework.security.web.savedrequest.RequestCacheAwareFilter@1c835966, org.springframework.security.web.servletapi.SecurityContextHolderAwareRequestFilter@64a073af, org.springframework.security.web.authentication.rememberme.RememberMeAuthenticationFilter@3dae91e5, org.springframework.security.web.authentication.AnonymousAuthenticationFilter@75c1780f, org.springframework.security.web.session.SessionManagementFilter@6a39a523, org.springframework.security.web.access.ExceptionTranslationFilter@430335eb, org.springframework.security.web.access.intercept.FilterSecurityInterceptor@249347f6]
2022-10-11 19:49:02.067  INFO 6640 --- [restartedMain] o.s.b.d.a.OptionalLiveReloadServer       : LiveReload server is running on port 35729
2022-10-11 19:49:02.098  INFO 6640 --- [restartedMain] org.xnio                                 : XNIO version 3.3.8.Final
2022-10-11 19:49:02.104  INFO 6640 --- [restartedMain] org.xnio.nio                             : XNIO NIO Implementation Version 3.3.8.Final
2022-10-11 19:49:02.138  INFO 6640 --- [restartedMain] o.s.b.w.e.u.UndertowServletWebServer     : Undertow started on port(s) 8000 (http) with context path ''
2022-10-11 19:49:02.140  INFO 6640 --- [restartedMain] com.wch.euexam.EuExamApplication         : Started EuExamApplication in 1.911 seconds (JVM running for 3.073)
